<?xml version="1.0" encoding="UTF-8"?>
<!-- Generated by org.testng.reporters.JUnitReportReporter -->
<testsuite hostname="DESKTOP-RUSN8H5" failures="0" tests="1" name="runner.TestRunner" time="19.848" errors="0" timestamp="2025-03-07T15:51:25 IST" skipped="0">
  <testcase classname="runner.TestRunner" name="runScenario" time="19.848"/>
</testsuite> <!-- runner.TestRunner -->
